<?xml version="1.0" encoding="UTF-8"?>
<coverage generated="1785433467165" clover="3.2.0">
  <project timestamp="1785433467165" name="All files">
    <metrics statements="40" coveredstatements="32" conditionals="8" coveredconditionals="5" methods="27" coveredmethods="17" elements="75" coveredelements="54" complexity="0" loc="40" ncloc="40" packages="2" files="4" classes="4"/>
    <package name="src">
      <metrics statements="1" coveredstatements="1" conditionals="0" coveredconditionals="0" methods="1" coveredmethods="1"/>
      <file name="App.tsx" path="C:\Users\Brand\sound-logic\react\src\App.tsx">
        <metrics statements="1" coveredstatements="1" conditionals="0" coveredconditionals="0" methods="1" coveredmethods="1"/>
        <line num="9" count="1" type="stmt"/>
      </file>
    </package>
    <package name="src.pages">
      <metrics statements="39" coveredstatements="31" conditionals="8" coveredconditionals="5" methods="26" coveredmethods="16"/>
      <file name="AccessibilityScreen.tsx" path="C:\Users\Brand\sound-logic\react\src\pages\AccessibilityScreen.tsx">
        <metrics statements="19" coveredstatements="14" conditionals="2" coveredconditionals="1" methods="11" coveredmethods="7"/>
        <line num="6" count="2" type="stmt"/>
        <line num="8" count="2" type="stmt"/>
        <line num="16" count="2" type="stmt"/>
        <line num="17" count="4" type="stmt"/>
        <line num="18" count="3" type="stmt"/>
        <line num="19" count="3" type="stmt"/>
        <line num="20" count="3" type="cond" truecount="1" falsecount="1"/>
        <line num="22" count="0" type="stmt"/>
        <line num="26" count="4" type="stmt"/>
        <line num="27" count="4" type="stmt"/>
        <line num="30" count="4" type="stmt"/>
        <line num="31" count="1" type="stmt"/>
        <line num="33" count="4" type="stmt"/>
        <line num="70" count="0" type="stmt"/>
        <line num="90" count="1" type="stmt"/>
        <line num="104" count="0" type="stmt"/>
        <line num="118" count="0" type="stmt"/>
        <line num="137" count="0" type="stmt"/>
        <line num="148" count="1" type="stmt"/>
      </file>
      <file name="HelpCenterScreen.tsx" path="C:\Users\Brand\sound-logic\react\src\pages\HelpCenterScreen.tsx">
        <metrics statements="16" coveredstatements="13" conditionals="6" coveredconditionals="4" methods="11" coveredmethods="6"/>
        <line num="6" count="2" type="stmt"/>
        <line num="13" count="2" type="stmt"/>
        <line num="15" count="2" type="stmt"/>
        <line num="16" count="3" type="stmt"/>
        <line num="17" count="3" type="stmt"/>
        <line num="19" count="3" type="stmt"/>
        <line num="20" count="3" type="stmt"/>
        <line num="21" count="3" type="cond" truecount="2" falsecount="0"/>
        <line num="22" count="4" type="cond" truecount="2" falsecount="0"/>
        <line num="25" count="3" type="stmt"/>
        <line num="47" count="1" type="stmt"/>
        <line num="49" count="0" type="cond" truecount="0" falsecount="2"/>
        <line num="55" count="15" type="stmt"/>
        <line num="64" count="0" type="stmt"/>
        <line num="69" count="9" type="stmt"/>
        <line num="86" count="0" type="stmt"/>
      </file>
      <file name="HomeScreen.tsx" path="C:\Users\Brand\sound-logic\react\src\pages\HomeScreen.tsx">
        <metrics statements="4" coveredstatements="4" conditionals="0" coveredconditionals="0" methods="4" coveredmethods="3"/>
        <line num="4" count="2" type="stmt"/>
        <line num="5" count="3" type="stmt"/>
        <line num="39" count="1" type="stmt"/>
        <line num="52" count="18" type="stmt"/>
      </file>
    </package>
  </project>
</coverage>
