{"C:\\Users\\Brand\\sound-logic\\react\\src\\App.tsx": {"path":"C:\\Users\\Brand\\sound-logic\\react\\src\\App.tsx","statementMap":{"0":{"start":{"line":9,"column":2},"end":{"line":21,"column":null}}},"fnMap":{"0":{"name":"App","decl":{"start":{"line":8,"column":9},"end":{"line":8,"column":15}},"loc":{"start":{"line":8,"column":15},"end":{"line":23,"column":null}},"line":8}},"branchMap":{},"s":{"0":1},"f":{"0":1},"b":{},"meta":{"lastBranch":0,"lastFunction":1,"lastStatement":1,"seen":{"f:8:9:8:15":0,"s:9:2:21:Infinity":0},"fnNames":{}}}
,"C:\\Users\\Brand\\sound-logic\\react\\src\\pages\\AccessibilityScreen.tsx": {"path":"C:\\Users\\Brand\\sound-logic\\react\\src\\pages\\AccessibilityScreen.tsx","statementMap":{"0":{"start":{"line":6,"column":15},"end":{"line":6,"column":null}},"1":{"start":{"line":8,"column":21},"end":{"line":14,"column":null}},"2":{"start":{"line":16,"column":6},"end":{"line":165,"column":null}},"3":{"start":{"line":17,"column":28},"end":{"line":24,"column":null}},"4":{"start":{"line":18,"column":4},"end":{"line":23,"column":null}},"5":{"start":{"line":19,"column":18},"end":{"line":19,"column":null}},"6":{"start":{"line":20,"column":6},"end":{"line":20,"column":null}},"7":{"start":{"line":22,"column":6},"end":{"line":22,"column":null}},"8":{"start":{"line":26,"column":2},"end":{"line":28,"column":null}},"9":{"start":{"line":27,"column":4},"end":{"line":27,"column":null}},"10":{"start":{"line":30,"column":8},"end":{"line":31,"column":null}},"11":{"start":{"line":31,"column":4},"end":{"line":31,"column":null}},"12":{"start":{"line":31,"column":21},"end":{"line":31,"column":38}},"13":{"start":{"line":33,"column":2},"end":{"line":163,"column":null}},"14":{"start":{"line":70,"column":33},"end":{"line":70,"column":null}},"15":{"start":{"line":90,"column":33},"end":{"line":90,"column":null}},"16":{"start":{"line":104,"column":33},"end":{"line":104,"column":null}},"17":{"start":{"line":118,"column":33},"end":{"line":118,"column":null}},"18":{"start":{"line":137,"column":31},"end":{"line":137,"column":null}},"19":{"start":{"line":148,"column":67},"end":{"line":148,"column":99}}},"fnMap":{"0":{"name":"(anonymous_0)","decl":{"start":{"line":16,"column":6},"end":{"line":16,"column":44}},"loc":{"start":{"line":16,"column":44},"end":{"line":165,"column":null}},"line":16},"1":{"name":"(anonymous_1)","decl":{"start":{"line":17,"column":28},"end":{"line":17,"column":43}},"loc":{"start":{"line":17,"column":43},"end":{"line":24,"column":3}},"line":17},"2":{"name":"(anonymous_2)","decl":{"start":{"line":26,"column":2},"end":{"line":26,"column":18}},"loc":{"start":{"line":26,"column":18},"end":{"line":28,"column":5}},"line":26},"3":{"name":"(anonymous_3)","decl":{"start":{"line":30,"column":8},"end":{"line":30,"column":57}},"loc":{"start":{"line":31,"column":4},"end":{"line":31,"column":null}},"line":31},"4":{"name":"(anonymous_4)","decl":{"start":{"line":31,"column":4},"end":{"line":31,"column":14}},"loc":{"start":{"line":31,"column":21},"end":{"line":31,"column":38}},"line":31},"5":{"name":"(anonymous_5)","decl":{"start":{"line":70,"column":16},"end":{"line":70,"column":27}},"loc":{"start":{"line":70,"column":33},"end":{"line":70,"column":null}},"line":70},"6":{"name":"(anonymous_6)","decl":{"start":{"line":90,"column":16},"end":{"line":90,"column":27}},"loc":{"start":{"line":90,"column":33},"end":{"line":90,"column":null}},"line":90},"7":{"name":"(anonymous_7)","decl":{"start":{"line":104,"column":16},"end":{"line":104,"column":27}},"loc":{"start":{"line":104,"column":33},"end":{"line":104,"column":null}},"line":104},"8":{"name":"(anonymous_8)","decl":{"start":{"line":118,"column":16},"end":{"line":118,"column":27}},"loc":{"start":{"line":118,"column":33},"end":{"line":118,"column":null}},"line":118},"9":{"name":"(anonymous_9)","decl":{"start":{"line":137,"column":14},"end":{"line":137,"column":25}},"loc":{"start":{"line":137,"column":31},"end":{"line":137,"column":null}},"line":137},"10":{"name":"(anonymous_10)","decl":{"start":{"line":148,"column":52},"end":{"line":148,"column":67}},"loc":{"start":{"line":148,"column":67},"end":{"line":148,"column":99}},"line":148}},"branchMap":{"0":{"loc":{"start":{"line":20,"column":13},"end":{"line":20,"column":null}},"type":"cond-expr","locations":[{"start":{"line":20,"column":19},"end":{"line":20,"column":37}},{"start":{"line":20,"column":37},"end":{"line":20,"column":null}}],"line":20}},"s":{"0":2,"1":2,"2":2,"3":4,"4":3,"5":3,"6":3,"7":0,"8":4,"9":4,"10":4,"11":1,"12":1,"13":4,"14":0,"15":1,"16":0,"17":0,"18":0,"19":1},"f":{"0":4,"1":3,"2":4,"3":1,"4":1,"5":0,"6":1,"7":0,"8":0,"9":0,"10":1},"b":{"0":[0,3]},"meta":{"lastBranch":1,"lastFunction":11,"lastStatement":20,"seen":{"s:6:15:6:Infinity":0,"s:8:21:14:Infinity":1,"s:16:6:165:Infinity":2,"f:16:6:16:44":0,"s:17:28:24:Infinity":3,"f:17:28:17:43":1,"s:18:4:23:Infinity":4,"s:19:18:19:Infinity":5,"s:20:6:20:Infinity":6,"b:20:19:20:37:20:37:20:Infinity":0,"s:22:6:22:Infinity":7,"s:26:2:28:Infinity":8,"f:26:2:26:18":2,"s:27:4:27:Infinity":9,"s:30:8:31:Infinity":10,"f:30:8:30:57":3,"s:31:4:31:Infinity":11,"f:31:4:31:14":4,"s:31:21:31:38":12,"s:33:2:163:Infinity":13,"f:70:16:70:27":5,"s:70:33:70:Infinity":14,"f:90:16:90:27":6,"s:90:33:90:Infinity":15,"f:104:16:104:27":7,"s:104:33:104:Infinity":16,"f:118:16:118:27":8,"s:118:33:118:Infinity":17,"f:137:14:137:25":9,"s:137:31:137:Infinity":18,"f:148:52:148:67":10,"s:148:67:148:99":19},"fnNames":{}}}
,"C:\\Users\\Brand\\sound-logic\\react\\src\\pages\\HelpCenterScreen.tsx": {"path":"C:\\Users\\Brand\\sound-logic\\react\\src\\pages\\HelpCenterScreen.tsx","statementMap":{"0":{"start":{"line":6,"column":32},"end":{"line":11,"column":null}},"1":{"start":{"line":13,"column":19},"end":{"line":13,"column":null}},"2":{"start":{"line":15,"column":6},"end":{"line":108,"column":null}},"3":{"start":{"line":16,"column":20},"end":{"line":16,"column":null}},"4":{"start":{"line":17,"column":19},"end":{"line":17,"column":null}},"5":{"start":{"line":19,"column":19},"end":{"line":23,"column":null}},"6":{"start":{"line":20,"column":17},"end":{"line":20,"column":null}},"7":{"start":{"line":21,"column":4},"end":{"line":21,"column":null}},"8":{"start":{"line":21,"column":15},"end":{"line":21,"column":null}},"9":{"start":{"line":22,"column":4},"end":{"line":22,"column":null}},"10":{"start":{"line":22,"column":32},"end":{"line":22,"column":111}},"11":{"start":{"line":25,"column":2},"end":{"line":106,"column":null}},"12":{"start":{"line":47,"column":29},"end":{"line":47,"column":null}},"13":{"start":{"line":49,"column":32},"end":{"line":49,"column":78}},"14":{"start":{"line":49,"column":55},"end":{"line":49,"column":78}},"15":{"start":{"line":55,"column":12},"end":{"line":58,"column":null}},"16":{"start":{"line":55,"column":71},"end":{"line":55,"column":null}},"17":{"start":{"line":64,"column":60},"end":{"line":64,"column":86}},"18":{"start":{"line":69,"column":12},"end":{"line":76,"column":null}},"19":{"start":{"line":69,"column":95},"end":{"line":69,"column":null}},"20":{"start":{"line":86,"column":62},"end":{"line":86,"column":83}}},"fnMap":{"0":{"name":"(anonymous_0)","decl":{"start":{"line":15,"column":6},"end":{"line":15,"column":41}},"loc":{"start":{"line":15,"column":41},"end":{"line":108,"column":null}},"line":15},"1":{"name":"(anonymous_1)","decl":{"start":{"line":19,"column":19},"end":{"line":19,"column":33}},"loc":{"start":{"line":19,"column":33},"end":{"line":23,"column":5}},"line":19},"2":{"name":"(anonymous_2)","decl":{"start":{"line":22,"column":18},"end":{"line":22,"column":26}},"loc":{"start":{"line":22,"column":32},"end":{"line":22,"column":111}},"line":22},"3":{"name":"(anonymous_3)","decl":{"start":{"line":47,"column":12},"end":{"line":47,"column":23}},"loc":{"start":{"line":47,"column":29},"end":{"line":47,"column":null}},"line":47},"4":{"name":"(anonymous_4)","decl":{"start":{"line":49,"column":12},"end":{"line":49,"column":24}},"loc":{"start":{"line":49,"column":30},"end":{"line":49,"column":null}},"line":49},"5":{"name":"(anonymous_5)","decl":{"start":{"line":54,"column":22},"end":{"line":54,"column":27}},"loc":{"start":{"line":55,"column":12},"end":{"line":58,"column":null}},"line":55},"6":{"name":"(anonymous_6)","decl":{"start":{"line":55,"column":56},"end":{"line":55,"column":71}},"loc":{"start":{"line":55,"column":71},"end":{"line":55,"column":null}},"line":55},"7":{"name":"(anonymous_7)","decl":{"start":{"line":64,"column":45},"end":{"line":64,"column":60}},"loc":{"start":{"line":64,"column":60},"end":{"line":64,"column":86}},"line":64},"8":{"name":"(anonymous_8)","decl":{"start":{"line":68,"column":20},"end":{"line":68,"column":25}},"loc":{"start":{"line":69,"column":12},"end":{"line":76,"column":null}},"line":69},"9":{"name":"(anonymous_9)","decl":{"start":{"line":69,"column":80},"end":{"line":69,"column":95}},"loc":{"start":{"line":69,"column":95},"end":{"line":69,"column":null}},"line":69},"10":{"name":"(anonymous_10)","decl":{"start":{"line":86,"column":47},"end":{"line":86,"column":62}},"loc":{"start":{"line":86,"column":62},"end":{"line":86,"column":83}},"line":86}},"branchMap":{"0":{"loc":{"start":{"line":21,"column":4},"end":{"line":21,"column":null}},"type":"if","locations":[{"start":{"line":21,"column":4},"end":{"line":21,"column":null}},{"start":{},"end":{}}],"line":21},"1":{"loc":{"start":{"line":22,"column":32},"end":{"line":22,"column":111}},"type":"binary-expr","locations":[{"start":{"line":22,"column":32},"end":{"line":22,"column":72}},{"start":{"line":22,"column":72},"end":{"line":22,"column":111}}],"line":22},"2":{"loc":{"start":{"line":49,"column":32},"end":{"line":49,"column":78}},"type":"if","locations":[{"start":{"line":49,"column":32},"end":{"line":49,"column":78}},{"start":{},"end":{}}],"line":49}},"s":{"0":2,"1":2,"2":2,"3":3,"4":3,"5":3,"6":3,"7":3,"8":2,"9":1,"10":4,"11":3,"12":1,"13":0,"14":0,"15":15,"16":0,"17":0,"18":9,"19":0,"20":0},"f":{"0":3,"1":3,"2":4,"3":1,"4":0,"5":15,"6":0,"7":0,"8":9,"9":0,"10":0},"b":{"0":[2,1],"1":[4,3],"2":[0,0]},"meta":{"lastBranch":3,"lastFunction":11,"lastStatement":21,"seen":{"s:6:32:11:Infinity":0,"s:13:19:13:Infinity":1,"s:15:6:108:Infinity":2,"f:15:6:15:41":0,"s:16:20:16:Infinity":3,"s:17:19:17:Infinity":4,"s:19:19:23:Infinity":5,"f:19:19:19:33":1,"s:20:17:20:Infinity":6,"b:21:4:21:Infinity:undefined:undefined:undefined:undefined":0,"s:21:4:21:Infinity":7,"s:21:15:21:Infinity":8,"s:22:4:22:Infinity":9,"f:22:18:22:26":2,"s:22:32:22:111":10,"b:22:32:22:72:22:72:22:111":1,"s:25:2:106:Infinity":11,"f:47:12:47:23":3,"s:47:29:47:Infinity":12,"f:49:12:49:24":4,"b:49:32:49:78:undefined:undefined:undefined:undefined":2,"s:49:32:49:78":13,"s:49:55:49:78":14,"f:54:22:54:27":5,"s:55:12:58:Infinity":15,"f:55:56:55:71":6,"s:55:71:55:Infinity":16,"f:64:45:64:60":7,"s:64:60:64:86":17,"f:68:20:68:25":8,"s:69:12:76:Infinity":18,"f:69:80:69:95":9,"s:69:95:69:Infinity":19,"f:86:47:86:62":10,"s:86:62:86:83":20},"fnNames":{}}}
,"C:\\Users\\Brand\\sound-logic\\react\\src\\pages\\HomeScreen.tsx": {"path":"C:\\Users\\Brand\\sound-logic\\react\\src\\pages\\HomeScreen.tsx","statementMap":{"0":{"start":{"line":4,"column":6},"end":{"line":77,"column":null}},"1":{"start":{"line":5,"column":2},"end":{"line":75,"column":null}},"2":{"start":{"line":39,"column":96},"end":{"line":39,"column":119}},"3":{"start":{"line":52,"column":12},"end":{"line":55,"column":null}},"4":{"start":{"line":52,"column":82},"end":{"line":52,"column":null}}},"fnMap":{"0":{"name":"(anonymous_0)","decl":{"start":{"line":4,"column":6},"end":{"line":4,"column":35}},"loc":{"start":{"line":4,"column":35},"end":{"line":77,"column":null}},"line":4},"1":{"name":"(anonymous_1)","decl":{"start":{"line":39,"column":81},"end":{"line":39,"column":96}},"loc":{"start":{"line":39,"column":96},"end":{"line":39,"column":119}},"line":39},"2":{"name":"(anonymous_2)","decl":{"start":{"line":51,"column":12},"end":{"line":51,"column":17}},"loc":{"start":{"line":52,"column":12},"end":{"line":55,"column":null}},"line":52},"3":{"name":"(anonymous_3)","decl":{"start":{"line":52,"column":67},"end":{"line":52,"column":82}},"loc":{"start":{"line":52,"column":82},"end":{"line":52,"column":null}},"line":52}},"branchMap":{},"s":{"0":2,"1":3,"2":1,"3":18,"4":0},"f":{"0":3,"1":1,"2":18,"3":0},"b":{},"meta":{"lastBranch":0,"lastFunction":4,"lastStatement":5,"seen":{"s:4:6:77:Infinity":0,"f:4:6:4:35":0,"s:5:2:75:Infinity":1,"f:39:81:39:96":1,"s:39:96:39:119":2,"f:51:12:51:17":2,"s:52:12:55:Infinity":3,"f:52:67:52:82":3,"s:52:82:52:Infinity":4},"fnNames":{}}}
}
