{"total": {"lines":{"total":121,"covered":116,"skipped":0,"pct":95.86},"statements":{"total":136,"covered":131,"skipped":0,"pct":96.32},"functions":{"total":80,"covered":75,"skipped":0,"pct":93.75},"branches":{"total":60,"covered":57,"skipped":0,"pct":95},"branchesTrue":{"total":0,"covered":0,"skipped":0,"pct":100}}
,"/Users/zacfoss/Desktop/GithubRepos/soundlogic/react/src/App.tsx": {"lines":{"total":1,"covered":1,"skipped":0,"pct":100},"functions":{"total":1,"covered":1,"skipped":0,"pct":100},"statements":{"total":1,"covered":1,"skipped":0,"pct":100},"branches":{"total":0,"covered":0,"skipped":0,"pct":100}}
,"/Users/zacfoss/Desktop/GithubRepos/soundlogic/react/src/pages/AccessibilityScreen.tsx": {"lines":{"total":19,"covered":16,"skipped":0,"pct":84.21},"functions":{"total":11,"covered":8,"skipped":0,"pct":72.72},"statements":{"total":20,"covered":17,"skipped":0,"pct":85},"branches":{"total":2,"covered":2,"skipped":0,"pct":100}}
,"/Users/zacfoss/Desktop/GithubRepos/soundlogic/react/src/pages/AlertScreen.tsx": {"lines":{"total":26,"covered":26,"skipped":0,"pct":100},"functions":{"total":19,"covered":19,"skipped":0,"pct":100},"statements":{"total":33,"covered":33,"skipped":0,"pct":100},"branches":{"total":18,"covered":18,"skipped":0,"pct":100}}
,"/Users/zacfoss/Desktop/GithubRepos/soundlogic/react/src/pages/AppointmentScreen.tsx": {"lines":{"total":19,"covered":19,"skipped":0,"pct":100},"functions":{"total":10,"covered":10,"skipped":0,"pct":100},"statements":{"total":19,"covered":19,"skipped":0,"pct":100},"branches":{"total":16,"covered":14,"skipped":0,"pct":87.5}}
,"/Users/zacfoss/Desktop/GithubRepos/soundlogic/react/src/pages/HelpCenterScreen.tsx": {"lines":{"total":16,"covered":14,"skipped":0,"pct":87.5},"functions":{"total":11,"covered":9,"skipped":0,"pct":81.81},"statements":{"total":21,"covered":19,"skipped":0,"pct":90.47},"branches":{"total":6,"covered":5,"skipped":0,"pct":83.33}}
,"/Users/zacfoss/Desktop/GithubRepos/soundlogic/react/src/pages/HomeScreen.tsx": {"lines":{"total":4,"covered":4,"skipped":0,"pct":100},"functions":{"total":4,"covered":4,"skipped":0,"pct":100},"statements":{"total":5,"covered":5,"skipped":0,"pct":100},"branches":{"total":0,"covered":0,"skipped":0,"pct":100}}
,"/Users/zacfoss/Desktop/GithubRepos/soundlogic/react/src/pages/MessageScreen.tsx": {"lines":{"total":26,"covered":26,"skipped":0,"pct":100},"functions":{"total":16,"covered":16,"skipped":0,"pct":100},"statements":{"total":27,"covered":27,"skipped":0,"pct":100},"branches":{"total":16,"covered":16,"skipped":0,"pct":100}}
,"/Users/zacfoss/Desktop/GithubRepos/soundlogic/react/src/pages/ProfileScreen.tsx": {"lines":{"total":10,"covered":10,"skipped":0,"pct":100},"functions":{"total":8,"covered":8,"skipped":0,"pct":100},"statements":{"total":10,"covered":10,"skipped":0,"pct":100},"branches":{"total":2,"covered":2,"skipped":0,"pct":100}}
}
