{"C:\\Users\\Brand\\sound-logic\\react\\src\\App.tsx": {"path":"C:\\Users\\Brand\\sound-logic\\react\\src\\App.tsx","statementMap":{"0":{"start":{"line":5,"column":28},"end":{"line":5,"column":null}},"1":{"start":{"line":7,"column":2},"end":{"line":31,"column":null}},"2":{"start":{"line":22,"column":35},"end":{"line":22,"column":67}},"3":{"start":{"line":22,"column":55},"end":{"line":22,"column":64}}},"fnMap":{"0":{"name":"App","decl":{"start":{"line":4,"column":9},"end":{"line":4,"column":15}},"loc":{"start":{"line":4,"column":15},"end":{"line":33,"column":null}},"line":4},"1":{"name":"(anonymous_1)","decl":{"start":{"line":22,"column":20},"end":{"line":22,"column":35}},"loc":{"start":{"line":22,"column":35},"end":{"line":22,"column":67}},"line":22},"2":{"name":"(anonymous_2)","decl":{"start":{"line":22,"column":35},"end":{"line":22,"column":45}},"loc":{"start":{"line":22,"column":55},"end":{"line":22,"column":64}},"line":22}},"branchMap":{},"s":{"0":1,"1":1,"2":0,"3":0},"f":{"0":1,"1":0,"2":0},"b":{},"meta":{"lastBranch":0,"lastFunction":3,"lastStatement":4,"seen":{"f:4:9:4:15":0,"s:5:28:5:Infinity":0,"s:7:2:31:Infinity":1,"f:22:20:22:35":1,"s:22:35:22:67":2,"f:22:35:22:45":2,"s:22:55:22:64":3},"fnNames":{}}}
,"C:\\Users\\Brand\\sound-logic\\react\\src\\main.tsx": {"path":"C:\\Users\\Brand\\sound-logic\\react\\src\\main.tsx","statementMap":{"0":{"start":{"line":6,"column":0},"end":{"line":10,"column":null}}},"fnMap":{},"branchMap":{},"s":{"0":0},"f":{},"b":{},"meta":{"lastBranch":0,"lastFunction":0,"lastStatement":1,"seen":{"s:6:0:10:Infinity":0},"fnNames":{}}}
,"C:\\Users\\Brand\\sound-logic\\react\\src\\vite-env.d.ts": {"path":"C:\\Users\\Brand\\sound-logic\\react\\src\\vite-env.d.ts","statementMap":{},"fnMap":{},"branchMap":{},"s":{},"f":{},"b":{},"meta":{"lastBranch":0,"lastFunction":0,"lastStatement":0,"seen":{},"fnNames":{}}}
}
